<?xml version="1.0" encoding="UTF-8"?>
<!-- Generated by org.testng.reporters.JUnitXMLReporter -->
<testsuite hostname="ryan-ThinkPad-T410" name="Test" tests="5" failures="0" timestamp="28 Aug 2016 15:55:34 GMT" time="28.689" errors="0">
  <testcase name="testCase1" time="4.034" classname="com.train.seleniumTest.testBaidu"/>
  <testcase name="testCase" time="4.152" classname="com.train.seleniumTest.testBaidu"/>
  <testcase name="testSayHello" time="0.003" classname="com.train.seleniumTest.TestMain"/>
  <testcase name="testlogin" time="1.924" classname="com.train.seleniumTest.Login163"/>
  <testcase name="ClickRecLink" time="6.289" classname="com.train.seleniumTest.Login163"/>
</testsuite> <!-- Test -->
