<?xml version="1.0" encoding="UTF-8"?>
<testng-results skipped="0" failed="0" total="5" passed="5">
  <reporter-output>
  </reporter-output>
  <suite name="Suite" duration-ms="28689" started-at="2016-08-28T15:55:05Z" finished-at="2016-08-28T15:55:34Z">
    <groups>
    </groups>
    <test name="Test" duration-ms="28689" started-at="2016-08-28T15:55:05Z" finished-at="2016-08-28T15:55:34Z">
      <class name="com.train.seleniumTest.Login163">
        <test-method status="PASS" signature="setUp()[pri:0, instance:com.train.seleniumTest.Login163@5622fdf]" name="setUp" is-config="true" duration-ms="5021" started-at="2016-08-28T23:55:16Z" finished-at="2016-08-28T23:55:21Z">
          <reporter-output>
          </reporter-output>
        </test-method> <!-- setUp -->
        <test-method status="PASS" signature="testlogin(java.lang.String, java.lang.String)[pri:0, instance:com.train.seleniumTest.Login163@5622fdf]" name="testlogin" duration-ms="1924" started-at="2016-08-28T23:55:21Z" data-provider="user" finished-at="2016-08-28T23:55:23Z">
          <params>
            <param index="0">
              <value>
                <![CDATA[rainbow954]]>
              </value>
            </param>
            <param index="1">
              <value>
                <![CDATA[Q1w2E3r4]]>
              </value>
            </param>
          </params>
          <reporter-output>
          </reporter-output>
        </test-method> <!-- testlogin -->
        <test-method status="PASS" signature="setUp()[pri:0, instance:com.train.seleniumTest.Login163@5622fdf]" name="setUp" is-config="true" duration-ms="4541" started-at="2016-08-28T23:55:23Z" finished-at="2016-08-28T23:55:27Z">
          <reporter-output>
          </reporter-output>
        </test-method> <!-- setUp -->
        <test-method status="PASS" signature="ClickRecLink(java.lang.String, java.lang.String)[pri:0, instance:com.train.seleniumTest.Login163@5622fdf]" name="ClickRecLink" duration-ms="6289" started-at="2016-08-28T23:55:27Z" data-provider="user" depends-on-methods="com.train.seleniumTest.Login163.testlogin" finished-at="2016-08-28T23:55:34Z">
          <params>
            <param index="0">
              <value>
                <![CDATA[rainbow954]]>
              </value>
            </param>
            <param index="1">
              <value>
                <![CDATA[Q1w2E3r4]]>
              </value>
            </param>
          </params>
          <reporter-output>
          </reporter-output>
        </test-method> <!-- ClickRecLink -->
      </class> <!-- com.train.seleniumTest.Login163 -->
      <class name="com.train.seleniumTest.testBaidu">
        <test-method status="PASS" signature="setUp()[pri:0, instance:com.train.seleniumTest.testBaidu@6d4b1c02]" name="setUp" is-config="true" duration-ms="1551" started-at="2016-08-28T23:55:05Z" finished-at="2016-08-28T23:55:07Z">
          <reporter-output>
          </reporter-output>
        </test-method> <!-- setUp -->
        <test-method status="PASS" signature="testCase1(java.lang.String)[pri:0, instance:com.train.seleniumTest.testBaidu@6d4b1c02]" name="testCase1" duration-ms="4034" started-at="2016-08-28T23:55:07Z" finished-at="2016-08-28T23:55:11Z">
          <params>
            <param index="0">
              <value>
                <![CDATA[junit]]>
              </value>
            </param>
          </params>
          <reporter-output>
          </reporter-output>
        </test-method> <!-- testCase1 -->
        <test-method status="PASS" signature="tearDown()[pri:0, instance:com.train.seleniumTest.testBaidu@6d4b1c02]" name="tearDown" is-config="true" duration-ms="77" started-at="2016-08-28T23:55:11Z" finished-at="2016-08-28T23:55:11Z">
          <reporter-output>
          </reporter-output>
        </test-method> <!-- tearDown -->
        <test-method status="PASS" signature="setUp()[pri:0, instance:com.train.seleniumTest.testBaidu@6d4b1c02]" name="setUp" is-config="true" duration-ms="944" started-at="2016-08-28T23:55:11Z" finished-at="2016-08-28T23:55:12Z">
          <reporter-output>
          </reporter-output>
        </test-method> <!-- setUp -->
        <test-method status="PASS" signature="testCase()[pri:0, instance:com.train.seleniumTest.testBaidu@6d4b1c02]" name="testCase" duration-ms="4152" started-at="2016-08-28T23:55:12Z" finished-at="2016-08-28T23:55:16Z">
          <reporter-output>
          </reporter-output>
        </test-method> <!-- testCase -->
        <test-method status="PASS" signature="tearDown()[pri:0, instance:com.train.seleniumTest.testBaidu@6d4b1c02]" name="tearDown" is-config="true" duration-ms="72" started-at="2016-08-28T23:55:16Z" finished-at="2016-08-28T23:55:16Z">
          <reporter-output>
          </reporter-output>
        </test-method> <!-- tearDown -->
      </class> <!-- com.train.seleniumTest.testBaidu -->
      <class name="com.train.seleniumTest.TestMain">
        <test-method status="PASS" signature="init()[pri:0, instance:com.train.seleniumTest.TestMain@6093dd95]" name="init" is-config="true" duration-ms="1" started-at="2016-08-28T23:55:16Z" finished-at="2016-08-28T23:55:16Z">
          <reporter-output>
          </reporter-output>
        </test-method> <!-- init -->
        <test-method status="PASS" signature="testSayHello()[pri:0, instance:com.train.seleniumTest.TestMain@6093dd95]" name="testSayHello" duration-ms="3" started-at="2016-08-28T23:55:16Z" finished-at="2016-08-28T23:55:16Z">
          <reporter-output>
          </reporter-output>
        </test-method> <!-- testSayHello -->
      </class> <!-- com.train.seleniumTest.TestMain -->
    </test> <!-- Test -->
  </suite> <!-- Suite -->
</testng-results>
